# JRE version: Java(TM) SE Runtime Environment (8.0_144-b01) (build 1.8.0_144-b01)
# Java VM: Java HotSpot(TM) 64-Bit Server VM (25.144-b01 mixed mode linux-amd64 compressed oops)
Heap:
 garbage-first heap   total 419840K, used 205832K [0x00000000c0000000, 0x00000000c0100cd0, 0x0000000100000000)
  region size 1024K, 132 young (135168K), 22 survivors (22528K)
 Metaspace       used 119919K, capacity 132100K, committed 132312K, reserved 1163264K
  class space    used 14505K, capacity 17920K, committed 17920K, reserved 1048576K
GC Heap History (10 events):
Event: 2714,170 GC heap before
{Heap before GC invocations=54 (full 1):
 garbage-first heap   total 419840K, used 151939K [0x00000000c0000000, 0x00000000c0100cd0, 0x0000000100000000)
  region size 1024K, 101 young (103424K), 18 survivors (18432K)
 Metaspace       used 114949K, capacity 126400K, committed 126680K, reserved 1159168K
  class space    used 14075K, capacity 17372K, committed 17408K, reserved 1048576K
Event: 2714,502 GC heap after
Heap after GC invocations=55 (full 2):
 garbage-first heap   total 262144K, used 48885K [0x00000000c0000000, 0x00000000c0100800, 0x0000000100000000)
  region size 1024K, 0 young (0K), 0 survivors (0K)
 Metaspace       used 114949K, capacity 126400K, committed 126680K, reserved 1159168K
  class space    used 14075K, capacity 17372K, committed 17408K, reserved 1048576K
}
Event: 2714,948 GC heap before
{Heap before GC invocations=55 (full 2):
 garbage-first heap   total 262144K, used 141045K [0x00000000c0000000, 0x00000000c0100800, 0x0000000100000000)
  region size 1024K, 91 young (93184K), 0 survivors (0K)
 Metaspace       used 115013K, capacity 126464K, committed 126936K, reserved 1159168K
  class space    used 14078K, capacity 17372K, committed 17408K, reserved 1048576K
Event: 2715,328 GC heap after
Heap after GC invocations=56 (full 3):
 garbage-first heap   total 262144K, used 60471K [0x00000000c0000000, 0x00000000c0100800, 0x0000000100000000)
  region size 1024K, 0 young (0K), 0 survivors (0K)
 Metaspace       used 115013K, capacity 126464K, committed 126936K, reserved 1159168K
  class space    used 14078K, capacity 17372K, committed 17408K, reserved 1048576K
}
Event: 2715,633 GC heap before
{Heap before GC invocations=56 (full 3):
 garbage-first heap   total 262144K, used 144439K [0x00000000c0000000, 0x00000000c0100800, 0x0000000100000000)
  region size 1024K, 83 young (84992K), 0 survivors (0K)
 Metaspace       used 115019K, capacity 126464K, committed 126936K, reserved 1159168K
  class space    used 14078K, capacity 17372K, committed 17408K, reserved 1048576K
Event: 2716,019 GC heap after
Heap after GC invocations=57 (full 4):
 garbage-first heap   total 262144K, used 71688K [0x00000000c0000000, 0x00000000c0100800, 0x0000000100000000)
  region size 1024K, 0 young (0K), 0 survivors (0K)
 Metaspace       used 115019K, capacity 126464K, committed 126936K, reserved 1159168K
  class space    used 14078K, capacity 17372K, committed 17408K, reserved 1048576K
}
Event: 3827,264 GC heap before
{Heap before GC invocations=57 (full 4):
 garbage-first heap   total 262144K, used 219144K [0x00000000c0000000, 0x00000000c0100800, 0x0000000100000000)
  region size 1024K, 144 young (147456K), 0 survivors (0K)
 Metaspace       used 115840K, capacity 127730K, committed 128088K, reserved 1159168K
  class space    used 14138K, capacity 17485K, committed 17536K, reserved 1048576K
Event: 3827,303 GC heap after
Heap after GC invocations=58 (full 4):
 garbage-first heap   total 419840K, used 85512K [0x00000000c0000000, 0x00000000c0100cd0, 0x0000000100000000)
  region size 1024K, 14 young (14336K), 14 survivors (14336K)
 Metaspace       used 115840K, capacity 127730K, committed 128088K, reserved 1159168K
  class space    used 14138K, capacity 17485K, committed 17536K, reserved 1048576K
}
Event: 4431,138 GC heap before
{Heap before GC invocations=58 (full 4):
 garbage-first heap   total 419840K, used 323080K [0x00000000c0000000, 0x00000000c0100cd0, 0x0000000100000000)
  region size 1024K, 246 young (251904K), 14 survivors (14336K)
 Metaspace       used 118082K, capacity 130046K, committed 130392K, reserved 1161216K
  class space    used 14303K, capacity 17666K, committed 17792K, reserved 1048576K
Event: 4431,178 GC heap after
Heap after GC invocations=59 (full 4):
 garbage-first heap   total 419840K, used 94216K [0x00000000c0000000, 0x00000000c0100cd0, 0x0000000100000000)
  region size 1024K, 22 young (22528K), 22 survivors (22528K)
 Metaspace       used 118082K, capacity 130046K, committed 130392K, reserved 1161216K
  class space    used 14303K, capacity 17666K, committed 17792K, reserved 1048576K
}

